CRITICAL - 2024-02-06 04:06:52 --> ErrorException: Undefined variable $students
in APPPATH\Views\students\index.php on line 23.
 1 APPPATH\Views\students\index.php(23): CodeIgniter\Debug\Exceptions->errorHandler(2, 'Undefined variable $students', 'E:\\xampp\\htdocs\\codeigniter4\\app\\Views\\students\\index.php', 23)
 2 SYSTEMPATH\View\View.php(228): include('E:\\xampp\\htdocs\\codeigniter4\\app\\Views\\students\\index.php')
 3 SYSTEMPATH\View\View.php(231): CodeIgniter\View\View->CodeIgniter\View\{closure}()
 4 SYSTEMPATH\Common.php(1178): CodeIgniter\View\View->render('students/index', [], true)
 5 APPPATH\Controllers\StudentController.php(12): view('students/index')
 6 SYSTEMPATH\CodeIgniter.php(941): App\Controllers\StudentController->index()
 7 SYSTEMPATH\CodeIgniter.php(502): CodeIgniter\CodeIgniter->runController(Object(App\Controllers\StudentController))
 8 SYSTEMPATH\CodeIgniter.php(361): CodeIgniter\CodeIgniter->handleRequest(null, Object(Config\Cache), false)
 9 FCPATH\index.php(79): CodeIgniter\CodeIgniter->run()
10 SYSTEMPATH\Commands\Server\rewrite.php(47): require_once('E:\\xampp\\htdocs\\codeigniter4\\public\\index.php')
CRITICAL - 2024-02-06 04:06:53 --> ErrorException: Undefined variable $students
in APPPATH\Views\students\index.php on line 23.
 1 APPPATH\Views\students\index.php(23): CodeIgniter\Debug\Exceptions->errorHandler(2, 'Undefined variable $students', 'E:\\xampp\\htdocs\\codeigniter4\\app\\Views\\students\\index.php', 23)
 2 SYSTEMPATH\View\View.php(228): include('E:\\xampp\\htdocs\\codeigniter4\\app\\Views\\students\\index.php')
 3 SYSTEMPATH\View\View.php(231): CodeIgniter\View\View->CodeIgniter\View\{closure}()
 4 SYSTEMPATH\Common.php(1178): CodeIgniter\View\View->render('students/index', [], true)
 5 APPPATH\Controllers\StudentController.php(12): view('students/index')
 6 SYSTEMPATH\CodeIgniter.php(941): App\Controllers\StudentController->index()
 7 SYSTEMPATH\CodeIgniter.php(502): CodeIgniter\CodeIgniter->runController(Object(App\Controllers\StudentController))
 8 SYSTEMPATH\CodeIgniter.php(361): CodeIgniter\CodeIgniter->handleRequest(null, Object(Config\Cache), false)
 9 FCPATH\index.php(79): CodeIgniter\CodeIgniter->run()
10 SYSTEMPATH\Commands\Server\rewrite.php(47): require_once('E:\\xampp\\htdocs\\codeigniter4\\public\\index.php')
CRITICAL - 2024-02-06 04:08:13 --> ErrorException: Undefined variable $students
in APPPATH\Views\students\index.php on line 23.
 1 APPPATH\Views\students\index.php(23): CodeIgniter\Debug\Exceptions->errorHandler(2, 'Undefined variable $students', 'E:\\xampp\\htdocs\\codeigniter4\\app\\Views\\students\\index.php', 23)
 2 SYSTEMPATH\View\View.php(228): include('E:\\xampp\\htdocs\\codeigniter4\\app\\Views\\students\\index.php')
 3 SYSTEMPATH\View\View.php(231): CodeIgniter\View\View->CodeIgniter\View\{closure}()
 4 SYSTEMPATH\Common.php(1178): CodeIgniter\View\View->render('students/index', [], true)
 5 APPPATH\Controllers\StudentController.php(12): view('students/index')
 6 SYSTEMPATH\CodeIgniter.php(941): App\Controllers\StudentController->index()
 7 SYSTEMPATH\CodeIgniter.php(502): CodeIgniter\CodeIgniter->runController(Object(App\Controllers\StudentController))
 8 SYSTEMPATH\CodeIgniter.php(361): CodeIgniter\CodeIgniter->handleRequest(null, Object(Config\Cache), false)
 9 FCPATH\index.php(79): CodeIgniter\CodeIgniter->run()
10 SYSTEMPATH\Commands\Server\rewrite.php(47): require_once('E:\\xampp\\htdocs\\codeigniter4\\public\\index.php')
CRITICAL - 2024-02-06 04:08:14 --> ErrorException: Undefined variable $students
in APPPATH\Views\students\index.php on line 23.
 1 APPPATH\Views\students\index.php(23): CodeIgniter\Debug\Exceptions->errorHandler(2, 'Undefined variable $students', 'E:\\xampp\\htdocs\\codeigniter4\\app\\Views\\students\\index.php', 23)
 2 SYSTEMPATH\View\View.php(228): include('E:\\xampp\\htdocs\\codeigniter4\\app\\Views\\students\\index.php')
 3 SYSTEMPATH\View\View.php(231): CodeIgniter\View\View->CodeIgniter\View\{closure}()
 4 SYSTEMPATH\Common.php(1178): CodeIgniter\View\View->render('students/index', [], true)
 5 APPPATH\Controllers\StudentController.php(12): view('students/index')
 6 SYSTEMPATH\CodeIgniter.php(941): App\Controllers\StudentController->index()
 7 SYSTEMPATH\CodeIgniter.php(502): CodeIgniter\CodeIgniter->runController(Object(App\Controllers\StudentController))
 8 SYSTEMPATH\CodeIgniter.php(361): CodeIgniter\CodeIgniter->handleRequest(null, Object(Config\Cache), false)
 9 FCPATH\index.php(79): CodeIgniter\CodeIgniter->run()
10 SYSTEMPATH\Commands\Server\rewrite.php(47): require_once('E:\\xampp\\htdocs\\codeigniter4\\public\\index.php')
CRITICAL - 2024-02-06 04:08:14 --> ErrorException: Undefined variable $students
in APPPATH\Views\students\index.php on line 23.
 1 APPPATH\Views\students\index.php(23): CodeIgniter\Debug\Exceptions->errorHandler(2, 'Undefined variable $students', 'E:\\xampp\\htdocs\\codeigniter4\\app\\Views\\students\\index.php', 23)
 2 SYSTEMPATH\View\View.php(228): include('E:\\xampp\\htdocs\\codeigniter4\\app\\Views\\students\\index.php')
 3 SYSTEMPATH\View\View.php(231): CodeIgniter\View\View->CodeIgniter\View\{closure}()
 4 SYSTEMPATH\Common.php(1178): CodeIgniter\View\View->render('students/index', [], true)
 5 APPPATH\Controllers\StudentController.php(12): view('students/index')
 6 SYSTEMPATH\CodeIgniter.php(941): App\Controllers\StudentController->index()
 7 SYSTEMPATH\CodeIgniter.php(502): CodeIgniter\CodeIgniter->runController(Object(App\Controllers\StudentController))
 8 SYSTEMPATH\CodeIgniter.php(361): CodeIgniter\CodeIgniter->handleRequest(null, Object(Config\Cache), false)
 9 FCPATH\index.php(79): CodeIgniter\CodeIgniter->run()
10 SYSTEMPATH\Commands\Server\rewrite.php(47): require_once('E:\\xampp\\htdocs\\codeigniter4\\public\\index.php')
CRITICAL - 2024-02-06 04:08:15 --> ErrorException: Undefined variable $students
in APPPATH\Views\students\index.php on line 23.
 1 APPPATH\Views\students\index.php(23): CodeIgniter\Debug\Exceptions->errorHandler(2, 'Undefined variable $students', 'E:\\xampp\\htdocs\\codeigniter4\\app\\Views\\students\\index.php', 23)
 2 SYSTEMPATH\View\View.php(228): include('E:\\xampp\\htdocs\\codeigniter4\\app\\Views\\students\\index.php')
 3 SYSTEMPATH\View\View.php(231): CodeIgniter\View\View->CodeIgniter\View\{closure}()
 4 SYSTEMPATH\Common.php(1178): CodeIgniter\View\View->render('students/index', [], true)
 5 APPPATH\Controllers\StudentController.php(12): view('students/index')
 6 SYSTEMPATH\CodeIgniter.php(941): App\Controllers\StudentController->index()
 7 SYSTEMPATH\CodeIgniter.php(502): CodeIgniter\CodeIgniter->runController(Object(App\Controllers\StudentController))
 8 SYSTEMPATH\CodeIgniter.php(361): CodeIgniter\CodeIgniter->handleRequest(null, Object(Config\Cache), false)
 9 FCPATH\index.php(79): CodeIgniter\CodeIgniter->run()
10 SYSTEMPATH\Commands\Server\rewrite.php(47): require_once('E:\\xampp\\htdocs\\codeigniter4\\public\\index.php')
CRITICAL - 2024-02-06 04:08:18 --> ErrorException: Undefined variable $students
in APPPATH\Views\students\index.php on line 23.
 1 APPPATH\Views\students\index.php(23): CodeIgniter\Debug\Exceptions->errorHandler(2, 'Undefined variable $students', 'E:\\xampp\\htdocs\\codeigniter4\\app\\Views\\students\\index.php', 23)
 2 SYSTEMPATH\View\View.php(228): include('E:\\xampp\\htdocs\\codeigniter4\\app\\Views\\students\\index.php')
 3 SYSTEMPATH\View\View.php(231): CodeIgniter\View\View->CodeIgniter\View\{closure}()
 4 SYSTEMPATH\Common.php(1178): CodeIgniter\View\View->render('students/index', [], true)
 5 APPPATH\Controllers\StudentController.php(12): view('students/index')
 6 SYSTEMPATH\CodeIgniter.php(941): App\Controllers\StudentController->index()
 7 SYSTEMPATH\CodeIgniter.php(502): CodeIgniter\CodeIgniter->runController(Object(App\Controllers\StudentController))
 8 SYSTEMPATH\CodeIgniter.php(361): CodeIgniter\CodeIgniter->handleRequest(null, Object(Config\Cache), false)
 9 FCPATH\index.php(79): CodeIgniter\CodeIgniter->run()
10 SYSTEMPATH\Commands\Server\rewrite.php(47): require_once('E:\\xampp\\htdocs\\codeigniter4\\public\\index.php')
CRITICAL - 2024-02-06 04:08:30 --> ErrorException: Undefined variable $students
in APPPATH\Views\students\index.php on line 23.
 1 APPPATH\Views\students\index.php(23): CodeIgniter\Debug\Exceptions->errorHandler(2, 'Undefined variable $students', 'E:\\xampp\\htdocs\\codeigniter4\\app\\Views\\students\\index.php', 23)
 2 SYSTEMPATH\View\View.php(228): include('E:\\xampp\\htdocs\\codeigniter4\\app\\Views\\students\\index.php')
 3 SYSTEMPATH\View\View.php(231): CodeIgniter\View\View->CodeIgniter\View\{closure}()
 4 SYSTEMPATH\Common.php(1178): CodeIgniter\View\View->render('students/index', [], true)
 5 APPPATH\Controllers\StudentController.php(12): view('students/index')
 6 SYSTEMPATH\CodeIgniter.php(941): App\Controllers\StudentController->index()
 7 SYSTEMPATH\CodeIgniter.php(502): CodeIgniter\CodeIgniter->runController(Object(App\Controllers\StudentController))
 8 SYSTEMPATH\CodeIgniter.php(361): CodeIgniter\CodeIgniter->handleRequest(null, Object(Config\Cache), false)
 9 FCPATH\index.php(79): CodeIgniter\CodeIgniter->run()
10 SYSTEMPATH\Commands\Server\rewrite.php(47): require_once('E:\\xampp\\htdocs\\codeigniter4\\public\\index.php')
CRITICAL - 2024-02-06 04:08:31 --> ErrorException: Undefined variable $students
in APPPATH\Views\students\index.php on line 23.
 1 APPPATH\Views\students\index.php(23): CodeIgniter\Debug\Exceptions->errorHandler(2, 'Undefined variable $students', 'E:\\xampp\\htdocs\\codeigniter4\\app\\Views\\students\\index.php', 23)
 2 SYSTEMPATH\View\View.php(228): include('E:\\xampp\\htdocs\\codeigniter4\\app\\Views\\students\\index.php')
 3 SYSTEMPATH\View\View.php(231): CodeIgniter\View\View->CodeIgniter\View\{closure}()
 4 SYSTEMPATH\Common.php(1178): CodeIgniter\View\View->render('students/index', [], true)
 5 APPPATH\Controllers\StudentController.php(12): view('students/index')
 6 SYSTEMPATH\CodeIgniter.php(941): App\Controllers\StudentController->index()
 7 SYSTEMPATH\CodeIgniter.php(502): CodeIgniter\CodeIgniter->runController(Object(App\Controllers\StudentController))
 8 SYSTEMPATH\CodeIgniter.php(361): CodeIgniter\CodeIgniter->handleRequest(null, Object(Config\Cache), false)
 9 FCPATH\index.php(79): CodeIgniter\CodeIgniter->run()
10 SYSTEMPATH\Commands\Server\rewrite.php(47): require_once('E:\\xampp\\htdocs\\codeigniter4\\public\\index.php')
CRITICAL - 2024-02-06 04:08:52 --> ErrorException: Undefined variable $students
in APPPATH\Views\students\index.php on line 23.
 1 APPPATH\Views\students\index.php(23): CodeIgniter\Debug\Exceptions->errorHandler(2, 'Undefined variable $students', 'E:\\xampp\\htdocs\\codeigniter4\\app\\Views\\students\\index.php', 23)
 2 SYSTEMPATH\View\View.php(228): include('E:\\xampp\\htdocs\\codeigniter4\\app\\Views\\students\\index.php')
 3 SYSTEMPATH\View\View.php(231): CodeIgniter\View\View->CodeIgniter\View\{closure}()
 4 SYSTEMPATH\Common.php(1178): CodeIgniter\View\View->render('students/index.php', [], true)
 5 APPPATH\Controllers\StudentController.php(12): view('students/index.php')
 6 SYSTEMPATH\CodeIgniter.php(941): App\Controllers\StudentController->index()
 7 SYSTEMPATH\CodeIgniter.php(502): CodeIgniter\CodeIgniter->runController(Object(App\Controllers\StudentController))
 8 SYSTEMPATH\CodeIgniter.php(361): CodeIgniter\CodeIgniter->handleRequest(null, Object(Config\Cache), false)
 9 FCPATH\index.php(79): CodeIgniter\CodeIgniter->run()
10 SYSTEMPATH\Commands\Server\rewrite.php(47): require_once('E:\\xampp\\htdocs\\codeigniter4\\public\\index.php')
CRITICAL - 2024-02-06 04:08:52 --> ErrorException: Undefined variable $students
in APPPATH\Views\students\index.php on line 23.
 1 APPPATH\Views\students\index.php(23): CodeIgniter\Debug\Exceptions->errorHandler(2, 'Undefined variable $students', 'E:\\xampp\\htdocs\\codeigniter4\\app\\Views\\students\\index.php', 23)
 2 SYSTEMPATH\View\View.php(228): include('E:\\xampp\\htdocs\\codeigniter4\\app\\Views\\students\\index.php')
 3 SYSTEMPATH\View\View.php(231): CodeIgniter\View\View->CodeIgniter\View\{closure}()
 4 SYSTEMPATH\Common.php(1178): CodeIgniter\View\View->render('students/index.php', [], true)
 5 APPPATH\Controllers\StudentController.php(12): view('students/index.php')
 6 SYSTEMPATH\CodeIgniter.php(941): App\Controllers\StudentController->index()
 7 SYSTEMPATH\CodeIgniter.php(502): CodeIgniter\CodeIgniter->runController(Object(App\Controllers\StudentController))
 8 SYSTEMPATH\CodeIgniter.php(361): CodeIgniter\CodeIgniter->handleRequest(null, Object(Config\Cache), false)
 9 FCPATH\index.php(79): CodeIgniter\CodeIgniter->run()
10 SYSTEMPATH\Commands\Server\rewrite.php(47): require_once('E:\\xampp\\htdocs\\codeigniter4\\public\\index.php')
CRITICAL - 2024-02-06 04:08:53 --> ErrorException: Undefined variable $students
in APPPATH\Views\students\index.php on line 23.
 1 APPPATH\Views\students\index.php(23): CodeIgniter\Debug\Exceptions->errorHandler(2, 'Undefined variable $students', 'E:\\xampp\\htdocs\\codeigniter4\\app\\Views\\students\\index.php', 23)
 2 SYSTEMPATH\View\View.php(228): include('E:\\xampp\\htdocs\\codeigniter4\\app\\Views\\students\\index.php')
 3 SYSTEMPATH\View\View.php(231): CodeIgniter\View\View->CodeIgniter\View\{closure}()
 4 SYSTEMPATH\Common.php(1178): CodeIgniter\View\View->render('students/index.php', [], true)
 5 APPPATH\Controllers\StudentController.php(12): view('students/index.php')
 6 SYSTEMPATH\CodeIgniter.php(941): App\Controllers\StudentController->index()
 7 SYSTEMPATH\CodeIgniter.php(502): CodeIgniter\CodeIgniter->runController(Object(App\Controllers\StudentController))
 8 SYSTEMPATH\CodeIgniter.php(361): CodeIgniter\CodeIgniter->handleRequest(null, Object(Config\Cache), false)
 9 FCPATH\index.php(79): CodeIgniter\CodeIgniter->run()
10 SYSTEMPATH\Commands\Server\rewrite.php(47): require_once('E:\\xampp\\htdocs\\codeigniter4\\public\\index.php')
CRITICAL - 2024-02-06 04:08:54 --> ErrorException: Undefined variable $students
in APPPATH\Views\students\index.php on line 23.
 1 APPPATH\Views\students\index.php(23): CodeIgniter\Debug\Exceptions->errorHandler(2, 'Undefined variable $students', 'E:\\xampp\\htdocs\\codeigniter4\\app\\Views\\students\\index.php', 23)
 2 SYSTEMPATH\View\View.php(228): include('E:\\xampp\\htdocs\\codeigniter4\\app\\Views\\students\\index.php')
 3 SYSTEMPATH\View\View.php(231): CodeIgniter\View\View->CodeIgniter\View\{closure}()
 4 SYSTEMPATH\Common.php(1178): CodeIgniter\View\View->render('students/index.php', [], true)
 5 APPPATH\Controllers\StudentController.php(12): view('students/index.php')
 6 SYSTEMPATH\CodeIgniter.php(941): App\Controllers\StudentController->index()
 7 SYSTEMPATH\CodeIgniter.php(502): CodeIgniter\CodeIgniter->runController(Object(App\Controllers\StudentController))
 8 SYSTEMPATH\CodeIgniter.php(361): CodeIgniter\CodeIgniter->handleRequest(null, Object(Config\Cache), false)
 9 FCPATH\index.php(79): CodeIgniter\CodeIgniter->run()
10 SYSTEMPATH\Commands\Server\rewrite.php(47): require_once('E:\\xampp\\htdocs\\codeigniter4\\public\\index.php')
CRITICAL - 2024-02-06 04:09:00 --> ErrorException: Undefined variable $students
in APPPATH\Views\students\index.php on line 23.
 1 APPPATH\Views\students\index.php(23): CodeIgniter\Debug\Exceptions->errorHandler(2, 'Undefined variable $students', 'E:\\xampp\\htdocs\\codeigniter4\\app\\Views\\students\\index.php', 23)
 2 SYSTEMPATH\View\View.php(228): include('E:\\xampp\\htdocs\\codeigniter4\\app\\Views\\students\\index.php')
 3 SYSTEMPATH\View\View.php(231): CodeIgniter\View\View->CodeIgniter\View\{closure}()
 4 SYSTEMPATH\Common.php(1178): CodeIgniter\View\View->render('students/index.php', [], true)
 5 APPPATH\Controllers\StudentController.php(12): view('students/index.php')
 6 SYSTEMPATH\CodeIgniter.php(941): App\Controllers\StudentController->index()
 7 SYSTEMPATH\CodeIgniter.php(502): CodeIgniter\CodeIgniter->runController(Object(App\Controllers\StudentController))
 8 SYSTEMPATH\CodeIgniter.php(361): CodeIgniter\CodeIgniter->handleRequest(null, Object(Config\Cache), false)
 9 FCPATH\index.php(79): CodeIgniter\CodeIgniter->run()
10 SYSTEMPATH\Commands\Server\rewrite.php(47): require_once('E:\\xampp\\htdocs\\codeigniter4\\public\\index.php')
CRITICAL - 2024-02-06 04:09:02 --> ErrorException: Undefined variable $students
in APPPATH\Views\students\index.php on line 23.
 1 APPPATH\Views\students\index.php(23): CodeIgniter\Debug\Exceptions->errorHandler(2, 'Undefined variable $students', 'E:\\xampp\\htdocs\\codeigniter4\\app\\Views\\students\\index.php', 23)
 2 SYSTEMPATH\View\View.php(228): include('E:\\xampp\\htdocs\\codeigniter4\\app\\Views\\students\\index.php')
 3 SYSTEMPATH\View\View.php(231): CodeIgniter\View\View->CodeIgniter\View\{closure}()
 4 SYSTEMPATH\Common.php(1178): CodeIgniter\View\View->render('students/index.php', [], true)
 5 APPPATH\Controllers\StudentController.php(12): view('students/index.php')
 6 SYSTEMPATH\CodeIgniter.php(941): App\Controllers\StudentController->index()
 7 SYSTEMPATH\CodeIgniter.php(502): CodeIgniter\CodeIgniter->runController(Object(App\Controllers\StudentController))
 8 SYSTEMPATH\CodeIgniter.php(361): CodeIgniter\CodeIgniter->handleRequest(null, Object(Config\Cache), false)
 9 FCPATH\index.php(79): CodeIgniter\CodeIgniter->run()
10 SYSTEMPATH\Commands\Server\rewrite.php(47): require_once('E:\\xampp\\htdocs\\codeigniter4\\public\\index.php')
CRITICAL - 2024-02-06 04:12:36 --> ErrorException: Undefined variable $students
in APPPATH\Views\students\index.php on line 23.
 1 APPPATH\Views\students\index.php(23): CodeIgniter\Debug\Exceptions->errorHandler(2, 'Undefined variable $students', 'E:\\xampp\\htdocs\\codeigniter4\\app\\Views\\students\\index.php', 23)
 2 SYSTEMPATH\View\View.php(228): include('E:\\xampp\\htdocs\\codeigniter4\\app\\Views\\students\\index.php')
 3 SYSTEMPATH\View\View.php(231): CodeIgniter\View\View->CodeIgniter\View\{closure}()
 4 SYSTEMPATH\Common.php(1178): CodeIgniter\View\View->render('students/index', [], true)
 5 APPPATH\Controllers\StudentController.php(12): view('students/index')
 6 SYSTEMPATH\CodeIgniter.php(941): App\Controllers\StudentController->index()
 7 SYSTEMPATH\CodeIgniter.php(502): CodeIgniter\CodeIgniter->runController(Object(App\Controllers\StudentController))
 8 SYSTEMPATH\CodeIgniter.php(361): CodeIgniter\CodeIgniter->handleRequest(null, Object(Config\Cache), false)
 9 FCPATH\index.php(79): CodeIgniter\CodeIgniter->run()
10 SYSTEMPATH\Commands\Server\rewrite.php(47): require_once('E:\\xampp\\htdocs\\codeigniter4\\public\\index.php')
CRITICAL - 2024-02-06 04:12:36 --> ErrorException: Undefined variable $students
in APPPATH\Views\students\index.php on line 23.
 1 APPPATH\Views\students\index.php(23): CodeIgniter\Debug\Exceptions->errorHandler(2, 'Undefined variable $students', 'E:\\xampp\\htdocs\\codeigniter4\\app\\Views\\students\\index.php', 23)
 2 SYSTEMPATH\View\View.php(228): include('E:\\xampp\\htdocs\\codeigniter4\\app\\Views\\students\\index.php')
 3 SYSTEMPATH\View\View.php(231): CodeIgniter\View\View->CodeIgniter\View\{closure}()
 4 SYSTEMPATH\Common.php(1178): CodeIgniter\View\View->render('students/index', [], true)
 5 APPPATH\Controllers\StudentController.php(12): view('students/index')
 6 SYSTEMPATH\CodeIgniter.php(941): App\Controllers\StudentController->index()
 7 SYSTEMPATH\CodeIgniter.php(502): CodeIgniter\CodeIgniter->runController(Object(App\Controllers\StudentController))
 8 SYSTEMPATH\CodeIgniter.php(361): CodeIgniter\CodeIgniter->handleRequest(null, Object(Config\Cache), false)
 9 FCPATH\index.php(79): CodeIgniter\CodeIgniter->run()
10 SYSTEMPATH\Commands\Server\rewrite.php(47): require_once('E:\\xampp\\htdocs\\codeigniter4\\public\\index.php')
CRITICAL - 2024-02-06 04:12:54 --> ErrorException: Undefined variable $students
in APPPATH\Views\students\index.php on line 23.
 1 APPPATH\Views\students\index.php(23): CodeIgniter\Debug\Exceptions->errorHandler(2, 'Undefined variable $students', 'E:\\xampp\\htdocs\\codeigniter4\\app\\Views\\students\\index.php', 23)
 2 SYSTEMPATH\View\View.php(228): include('E:\\xampp\\htdocs\\codeigniter4\\app\\Views\\students\\index.php')
 3 SYSTEMPATH\View\View.php(231): CodeIgniter\View\View->CodeIgniter\View\{closure}()
 4 SYSTEMPATH\Common.php(1178): CodeIgniter\View\View->render('students/index', [], true)
 5 APPPATH\Controllers\StudentController.php(12): view('students/index')
 6 SYSTEMPATH\CodeIgniter.php(941): App\Controllers\StudentController->index()
 7 SYSTEMPATH\CodeIgniter.php(502): CodeIgniter\CodeIgniter->runController(Object(App\Controllers\StudentController))
 8 SYSTEMPATH\CodeIgniter.php(361): CodeIgniter\CodeIgniter->handleRequest(null, Object(Config\Cache), false)
 9 FCPATH\index.php(79): CodeIgniter\CodeIgniter->run()
10 SYSTEMPATH\Commands\Server\rewrite.php(47): require_once('E:\\xampp\\htdocs\\codeigniter4\\public\\index.php')
CRITICAL - 2024-02-06 04:12:55 --> ErrorException: Undefined variable $students
in APPPATH\Views\students\index.php on line 23.
 1 APPPATH\Views\students\index.php(23): CodeIgniter\Debug\Exceptions->errorHandler(2, 'Undefined variable $students', 'E:\\xampp\\htdocs\\codeigniter4\\app\\Views\\students\\index.php', 23)
 2 SYSTEMPATH\View\View.php(228): include('E:\\xampp\\htdocs\\codeigniter4\\app\\Views\\students\\index.php')
 3 SYSTEMPATH\View\View.php(231): CodeIgniter\View\View->CodeIgniter\View\{closure}()
 4 SYSTEMPATH\Common.php(1178): CodeIgniter\View\View->render('students/index', [], true)
 5 APPPATH\Controllers\StudentController.php(12): view('students/index')
 6 SYSTEMPATH\CodeIgniter.php(941): App\Controllers\StudentController->index()
 7 SYSTEMPATH\CodeIgniter.php(502): CodeIgniter\CodeIgniter->runController(Object(App\Controllers\StudentController))
 8 SYSTEMPATH\CodeIgniter.php(361): CodeIgniter\CodeIgniter->handleRequest(null, Object(Config\Cache), false)
 9 FCPATH\index.php(79): CodeIgniter\CodeIgniter->run()
10 SYSTEMPATH\Commands\Server\rewrite.php(47): require_once('E:\\xampp\\htdocs\\codeigniter4\\public\\index.php')
CRITICAL - 2024-02-06 04:12:55 --> ErrorException: Undefined variable $students
in APPPATH\Views\students\index.php on line 23.
 1 APPPATH\Views\students\index.php(23): CodeIgniter\Debug\Exceptions->errorHandler(2, 'Undefined variable $students', 'E:\\xampp\\htdocs\\codeigniter4\\app\\Views\\students\\index.php', 23)
 2 SYSTEMPATH\View\View.php(228): include('E:\\xampp\\htdocs\\codeigniter4\\app\\Views\\students\\index.php')
 3 SYSTEMPATH\View\View.php(231): CodeIgniter\View\View->CodeIgniter\View\{closure}()
 4 SYSTEMPATH\Common.php(1178): CodeIgniter\View\View->render('students/index', [], true)
 5 APPPATH\Controllers\StudentController.php(12): view('students/index')
 6 SYSTEMPATH\CodeIgniter.php(941): App\Controllers\StudentController->index()
 7 SYSTEMPATH\CodeIgniter.php(502): CodeIgniter\CodeIgniter->runController(Object(App\Controllers\StudentController))
 8 SYSTEMPATH\CodeIgniter.php(361): CodeIgniter\CodeIgniter->handleRequest(null, Object(Config\Cache), false)
 9 FCPATH\index.php(79): CodeIgniter\CodeIgniter->run()
10 SYSTEMPATH\Commands\Server\rewrite.php(47): require_once('E:\\xampp\\htdocs\\codeigniter4\\public\\index.php')
CRITICAL - 2024-02-06 04:12:56 --> ErrorException: Undefined variable $students
in APPPATH\Views\students\index.php on line 23.
 1 APPPATH\Views\students\index.php(23): CodeIgniter\Debug\Exceptions->errorHandler(2, 'Undefined variable $students', 'E:\\xampp\\htdocs\\codeigniter4\\app\\Views\\students\\index.php', 23)
 2 SYSTEMPATH\View\View.php(228): include('E:\\xampp\\htdocs\\codeigniter4\\app\\Views\\students\\index.php')
 3 SYSTEMPATH\View\View.php(231): CodeIgniter\View\View->CodeIgniter\View\{closure}()
 4 SYSTEMPATH\Common.php(1178): CodeIgniter\View\View->render('students/index', [], true)
 5 APPPATH\Controllers\StudentController.php(12): view('students/index')
 6 SYSTEMPATH\CodeIgniter.php(941): App\Controllers\StudentController->index()
 7 SYSTEMPATH\CodeIgniter.php(502): CodeIgniter\CodeIgniter->runController(Object(App\Controllers\StudentController))
 8 SYSTEMPATH\CodeIgniter.php(361): CodeIgniter\CodeIgniter->handleRequest(null, Object(Config\Cache), false)
 9 FCPATH\index.php(79): CodeIgniter\CodeIgniter->run()
10 SYSTEMPATH\Commands\Server\rewrite.php(47): require_once('E:\\xampp\\htdocs\\codeigniter4\\public\\index.php')
CRITICAL - 2024-02-06 04:13:30 --> ErrorException: Undefined variable $students
in APPPATH\Views\students\index.php on line 23.
 1 APPPATH\Views\students\index.php(23): CodeIgniter\Debug\Exceptions->errorHandler(2, 'Undefined variable $students', 'E:\\xampp\\htdocs\\codeigniter4\\app\\Views\\students\\index.php', 23)
 2 SYSTEMPATH\View\View.php(228): include('E:\\xampp\\htdocs\\codeigniter4\\app\\Views\\students\\index.php')
 3 SYSTEMPATH\View\View.php(231): CodeIgniter\View\View->CodeIgniter\View\{closure}()
 4 SYSTEMPATH\Common.php(1178): CodeIgniter\View\View->render('students/index', [], true)
 5 APPPATH\Controllers\StudentController.php(12): view('students/index')
 6 SYSTEMPATH\CodeIgniter.php(941): App\Controllers\StudentController->index()
 7 SYSTEMPATH\CodeIgniter.php(502): CodeIgniter\CodeIgniter->runController(Object(App\Controllers\StudentController))
 8 SYSTEMPATH\CodeIgniter.php(361): CodeIgniter\CodeIgniter->handleRequest(null, Object(Config\Cache), false)
 9 FCPATH\index.php(79): CodeIgniter\CodeIgniter->run()
10 SYSTEMPATH\Commands\Server\rewrite.php(47): require_once('E:\\xampp\\htdocs\\codeigniter4\\public\\index.php')
CRITICAL - 2024-02-06 04:13:31 --> ErrorException: Undefined variable $students
in APPPATH\Views\students\index.php on line 23.
 1 APPPATH\Views\students\index.php(23): CodeIgniter\Debug\Exceptions->errorHandler(2, 'Undefined variable $students', 'E:\\xampp\\htdocs\\codeigniter4\\app\\Views\\students\\index.php', 23)
 2 SYSTEMPATH\View\View.php(228): include('E:\\xampp\\htdocs\\codeigniter4\\app\\Views\\students\\index.php')
 3 SYSTEMPATH\View\View.php(231): CodeIgniter\View\View->CodeIgniter\View\{closure}()
 4 SYSTEMPATH\Common.php(1178): CodeIgniter\View\View->render('students/index', [], true)
 5 APPPATH\Controllers\StudentController.php(12): view('students/index')
 6 SYSTEMPATH\CodeIgniter.php(941): App\Controllers\StudentController->index()
 7 SYSTEMPATH\CodeIgniter.php(502): CodeIgniter\CodeIgniter->runController(Object(App\Controllers\StudentController))
 8 SYSTEMPATH\CodeIgniter.php(361): CodeIgniter\CodeIgniter->handleRequest(null, Object(Config\Cache), false)
 9 FCPATH\index.php(79): CodeIgniter\CodeIgniter->run()
10 SYSTEMPATH\Commands\Server\rewrite.php(47): require_once('E:\\xampp\\htdocs\\codeigniter4\\public\\index.php')
CRITICAL - 2024-02-06 04:13:31 --> ErrorException: Undefined variable $students
in APPPATH\Views\students\index.php on line 23.
 1 APPPATH\Views\students\index.php(23): CodeIgniter\Debug\Exceptions->errorHandler(2, 'Undefined variable $students', 'E:\\xampp\\htdocs\\codeigniter4\\app\\Views\\students\\index.php', 23)
 2 SYSTEMPATH\View\View.php(228): include('E:\\xampp\\htdocs\\codeigniter4\\app\\Views\\students\\index.php')
 3 SYSTEMPATH\View\View.php(231): CodeIgniter\View\View->CodeIgniter\View\{closure}()
 4 SYSTEMPATH\Common.php(1178): CodeIgniter\View\View->render('students/index', [], true)
 5 APPPATH\Controllers\StudentController.php(12): view('students/index')
 6 SYSTEMPATH\CodeIgniter.php(941): App\Controllers\StudentController->index()
 7 SYSTEMPATH\CodeIgniter.php(502): CodeIgniter\CodeIgniter->runController(Object(App\Controllers\StudentController))
 8 SYSTEMPATH\CodeIgniter.php(361): CodeIgniter\CodeIgniter->handleRequest(null, Object(Config\Cache), false)
 9 FCPATH\index.php(79): CodeIgniter\CodeIgniter->run()
10 SYSTEMPATH\Commands\Server\rewrite.php(47): require_once('E:\\xampp\\htdocs\\codeigniter4\\public\\index.php')
CRITICAL - 2024-02-06 04:13:32 --> ErrorException: Undefined variable $students
in APPPATH\Views\students\index.php on line 23.
 1 APPPATH\Views\students\index.php(23): CodeIgniter\Debug\Exceptions->errorHandler(2, 'Undefined variable $students', 'E:\\xampp\\htdocs\\codeigniter4\\app\\Views\\students\\index.php', 23)
 2 SYSTEMPATH\View\View.php(228): include('E:\\xampp\\htdocs\\codeigniter4\\app\\Views\\students\\index.php')
 3 SYSTEMPATH\View\View.php(231): CodeIgniter\View\View->CodeIgniter\View\{closure}()
 4 SYSTEMPATH\Common.php(1178): CodeIgniter\View\View->render('students/index', [], true)
 5 APPPATH\Controllers\StudentController.php(12): view('students/index')
 6 SYSTEMPATH\CodeIgniter.php(941): App\Controllers\StudentController->index()
 7 SYSTEMPATH\CodeIgniter.php(502): CodeIgniter\CodeIgniter->runController(Object(App\Controllers\StudentController))
 8 SYSTEMPATH\CodeIgniter.php(361): CodeIgniter\CodeIgniter->handleRequest(null, Object(Config\Cache), false)
 9 FCPATH\index.php(79): CodeIgniter\CodeIgniter->run()
10 SYSTEMPATH\Commands\Server\rewrite.php(47): require_once('E:\\xampp\\htdocs\\codeigniter4\\public\\index.php')
CRITICAL - 2024-02-06 04:13:39 --> ErrorException: Undefined variable $students
in APPPATH\Views\students\index.php on line 23.
 1 APPPATH\Views\students\index.php(23): CodeIgniter\Debug\Exceptions->errorHandler(2, 'Undefined variable $students', 'E:\\xampp\\htdocs\\codeigniter4\\app\\Views\\students\\index.php', 23)
 2 SYSTEMPATH\View\View.php(228): include('E:\\xampp\\htdocs\\codeigniter4\\app\\Views\\students\\index.php')
 3 SYSTEMPATH\View\View.php(231): CodeIgniter\View\View->CodeIgniter\View\{closure}()
 4 SYSTEMPATH\Common.php(1178): CodeIgniter\View\View->render('students/index', [], true)
 5 APPPATH\Controllers\StudentController.php(12): view('students/index')
 6 SYSTEMPATH\CodeIgniter.php(941): App\Controllers\StudentController->index()
 7 SYSTEMPATH\CodeIgniter.php(502): CodeIgniter\CodeIgniter->runController(Object(App\Controllers\StudentController))
 8 SYSTEMPATH\CodeIgniter.php(361): CodeIgniter\CodeIgniter->handleRequest(null, Object(Config\Cache), false)
 9 FCPATH\index.php(79): CodeIgniter\CodeIgniter->run()
10 SYSTEMPATH\Commands\Server\rewrite.php(47): require_once('E:\\xampp\\htdocs\\codeigniter4\\public\\index.php')
CRITICAL - 2024-02-06 04:13:39 --> ErrorException: Undefined variable $students
in APPPATH\Views\students\index.php on line 23.
 1 APPPATH\Views\students\index.php(23): CodeIgniter\Debug\Exceptions->errorHandler(2, 'Undefined variable $students', 'E:\\xampp\\htdocs\\codeigniter4\\app\\Views\\students\\index.php', 23)
 2 SYSTEMPATH\View\View.php(228): include('E:\\xampp\\htdocs\\codeigniter4\\app\\Views\\students\\index.php')
 3 SYSTEMPATH\View\View.php(231): CodeIgniter\View\View->CodeIgniter\View\{closure}()
 4 SYSTEMPATH\Common.php(1178): CodeIgniter\View\View->render('students/index', [], true)
 5 APPPATH\Controllers\StudentController.php(12): view('students/index')
 6 SYSTEMPATH\CodeIgniter.php(941): App\Controllers\StudentController->index()
 7 SYSTEMPATH\CodeIgniter.php(502): CodeIgniter\CodeIgniter->runController(Object(App\Controllers\StudentController))
 8 SYSTEMPATH\CodeIgniter.php(361): CodeIgniter\CodeIgniter->handleRequest(null, Object(Config\Cache), false)
 9 FCPATH\index.php(79): CodeIgniter\CodeIgniter->run()
10 SYSTEMPATH\Commands\Server\rewrite.php(47): require_once('E:\\xampp\\htdocs\\codeigniter4\\public\\index.php')
CRITICAL - 2024-02-06 04:13:56 --> ErrorException: Undefined variable $students
in APPPATH\Views\students\index.php on line 23.
 1 APPPATH\Views\students\index.php(23): CodeIgniter\Debug\Exceptions->errorHandler(2, 'Undefined variable $students', 'E:\\xampp\\htdocs\\codeigniter4\\app\\Views\\students\\index.php', 23)
 2 SYSTEMPATH\View\View.php(228): include('E:\\xampp\\htdocs\\codeigniter4\\app\\Views\\students\\index.php')
 3 SYSTEMPATH\View\View.php(231): CodeIgniter\View\View->CodeIgniter\View\{closure}()
 4 SYSTEMPATH\Common.php(1178): CodeIgniter\View\View->render('students/index', [], true)
 5 APPPATH\Controllers\StudentController.php(12): view('students/index')
 6 SYSTEMPATH\CodeIgniter.php(941): App\Controllers\StudentController->index()
 7 SYSTEMPATH\CodeIgniter.php(502): CodeIgniter\CodeIgniter->runController(Object(App\Controllers\StudentController))
 8 SYSTEMPATH\CodeIgniter.php(361): CodeIgniter\CodeIgniter->handleRequest(null, Object(Config\Cache), false)
 9 FCPATH\index.php(79): CodeIgniter\CodeIgniter->run()
10 SYSTEMPATH\Commands\Server\rewrite.php(47): require_once('E:\\xampp\\htdocs\\codeigniter4\\public\\index.php')
CRITICAL - 2024-02-06 04:13:57 --> ErrorException: Undefined variable $students
in APPPATH\Views\students\index.php on line 23.
 1 APPPATH\Views\students\index.php(23): CodeIgniter\Debug\Exceptions->errorHandler(2, 'Undefined variable $students', 'E:\\xampp\\htdocs\\codeigniter4\\app\\Views\\students\\index.php', 23)
 2 SYSTEMPATH\View\View.php(228): include('E:\\xampp\\htdocs\\codeigniter4\\app\\Views\\students\\index.php')
 3 SYSTEMPATH\View\View.php(231): CodeIgniter\View\View->CodeIgniter\View\{closure}()
 4 SYSTEMPATH\Common.php(1178): CodeIgniter\View\View->render('students/index', [], true)
 5 APPPATH\Controllers\StudentController.php(12): view('students/index')
 6 SYSTEMPATH\CodeIgniter.php(941): App\Controllers\StudentController->index()
 7 SYSTEMPATH\CodeIgniter.php(502): CodeIgniter\CodeIgniter->runController(Object(App\Controllers\StudentController))
 8 SYSTEMPATH\CodeIgniter.php(361): CodeIgniter\CodeIgniter->handleRequest(null, Object(Config\Cache), false)
 9 FCPATH\index.php(79): CodeIgniter\CodeIgniter->run()
10 SYSTEMPATH\Commands\Server\rewrite.php(47): require_once('E:\\xampp\\htdocs\\codeigniter4\\public\\index.php')
CRITICAL - 2024-02-06 04:13:57 --> ErrorException: Undefined variable $students
in APPPATH\Views\students\index.php on line 23.
 1 APPPATH\Views\students\index.php(23): CodeIgniter\Debug\Exceptions->errorHandler(2, 'Undefined variable $students', 'E:\\xampp\\htdocs\\codeigniter4\\app\\Views\\students\\index.php', 23)
 2 SYSTEMPATH\View\View.php(228): include('E:\\xampp\\htdocs\\codeigniter4\\app\\Views\\students\\index.php')
 3 SYSTEMPATH\View\View.php(231): CodeIgniter\View\View->CodeIgniter\View\{closure}()
 4 SYSTEMPATH\Common.php(1178): CodeIgniter\View\View->render('students/index', [], true)
 5 APPPATH\Controllers\StudentController.php(12): view('students/index')
 6 SYSTEMPATH\CodeIgniter.php(941): App\Controllers\StudentController->index()
 7 SYSTEMPATH\CodeIgniter.php(502): CodeIgniter\CodeIgniter->runController(Object(App\Controllers\StudentController))
 8 SYSTEMPATH\CodeIgniter.php(361): CodeIgniter\CodeIgniter->handleRequest(null, Object(Config\Cache), false)
 9 FCPATH\index.php(79): CodeIgniter\CodeIgniter->run()
10 SYSTEMPATH\Commands\Server\rewrite.php(47): require_once('E:\\xampp\\htdocs\\codeigniter4\\public\\index.php')
CRITICAL - 2024-02-06 04:13:58 --> ErrorException: Undefined variable $students
in APPPATH\Views\students\index.php on line 23.
 1 APPPATH\Views\students\index.php(23): CodeIgniter\Debug\Exceptions->errorHandler(2, 'Undefined variable $students', 'E:\\xampp\\htdocs\\codeigniter4\\app\\Views\\students\\index.php', 23)
 2 SYSTEMPATH\View\View.php(228): include('E:\\xampp\\htdocs\\codeigniter4\\app\\Views\\students\\index.php')
 3 SYSTEMPATH\View\View.php(231): CodeIgniter\View\View->CodeIgniter\View\{closure}()
 4 SYSTEMPATH\Common.php(1178): CodeIgniter\View\View->render('students/index', [], true)
 5 APPPATH\Controllers\StudentController.php(12): view('students/index')
 6 SYSTEMPATH\CodeIgniter.php(941): App\Controllers\StudentController->index()
 7 SYSTEMPATH\CodeIgniter.php(502): CodeIgniter\CodeIgniter->runController(Object(App\Controllers\StudentController))
 8 SYSTEMPATH\CodeIgniter.php(361): CodeIgniter\CodeIgniter->handleRequest(null, Object(Config\Cache), false)
 9 FCPATH\index.php(79): CodeIgniter\CodeIgniter->run()
10 SYSTEMPATH\Commands\Server\rewrite.php(47): require_once('E:\\xampp\\htdocs\\codeigniter4\\public\\index.php')
CRITICAL - 2024-02-06 04:13:58 --> ErrorException: Undefined variable $students
in APPPATH\Views\students\index.php on line 23.
 1 APPPATH\Views\students\index.php(23): CodeIgniter\Debug\Exceptions->errorHandler(2, 'Undefined variable $students', 'E:\\xampp\\htdocs\\codeigniter4\\app\\Views\\students\\index.php', 23)
 2 SYSTEMPATH\View\View.php(228): include('E:\\xampp\\htdocs\\codeigniter4\\app\\Views\\students\\index.php')
 3 SYSTEMPATH\View\View.php(231): CodeIgniter\View\View->CodeIgniter\View\{closure}()
 4 SYSTEMPATH\Common.php(1178): CodeIgniter\View\View->render('students/index', [], true)
 5 APPPATH\Controllers\StudentController.php(12): view('students/index')
 6 SYSTEMPATH\CodeIgniter.php(941): App\Controllers\StudentController->index()
 7 SYSTEMPATH\CodeIgniter.php(502): CodeIgniter\CodeIgniter->runController(Object(App\Controllers\StudentController))
 8 SYSTEMPATH\CodeIgniter.php(361): CodeIgniter\CodeIgniter->handleRequest(null, Object(Config\Cache), false)
 9 FCPATH\index.php(79): CodeIgniter\CodeIgniter->run()
10 SYSTEMPATH\Commands\Server\rewrite.php(47): require_once('E:\\xampp\\htdocs\\codeigniter4\\public\\index.php')
CRITICAL - 2024-02-06 04:13:59 --> ErrorException: Undefined variable $students
in APPPATH\Views\students\index.php on line 23.
 1 APPPATH\Views\students\index.php(23): CodeIgniter\Debug\Exceptions->errorHandler(2, 'Undefined variable $students', 'E:\\xampp\\htdocs\\codeigniter4\\app\\Views\\students\\index.php', 23)
 2 SYSTEMPATH\View\View.php(228): include('E:\\xampp\\htdocs\\codeigniter4\\app\\Views\\students\\index.php')
 3 SYSTEMPATH\View\View.php(231): CodeIgniter\View\View->CodeIgniter\View\{closure}()
 4 SYSTEMPATH\Common.php(1178): CodeIgniter\View\View->render('students/index', [], true)
 5 APPPATH\Controllers\StudentController.php(12): view('students/index')
 6 SYSTEMPATH\CodeIgniter.php(941): App\Controllers\StudentController->index()
 7 SYSTEMPATH\CodeIgniter.php(502): CodeIgniter\CodeIgniter->runController(Object(App\Controllers\StudentController))
 8 SYSTEMPATH\CodeIgniter.php(361): CodeIgniter\CodeIgniter->handleRequest(null, Object(Config\Cache), false)
 9 FCPATH\index.php(79): CodeIgniter\CodeIgniter->run()
10 SYSTEMPATH\Commands\Server\rewrite.php(47): require_once('E:\\xampp\\htdocs\\codeigniter4\\public\\index.php')
CRITICAL - 2024-02-06 04:14:01 --> ErrorException: Undefined variable $students
in APPPATH\Views\students\index.php on line 23.
 1 APPPATH\Views\students\index.php(23): CodeIgniter\Debug\Exceptions->errorHandler(2, 'Undefined variable $students', 'E:\\xampp\\htdocs\\codeigniter4\\app\\Views\\students\\index.php', 23)
 2 SYSTEMPATH\View\View.php(228): include('E:\\xampp\\htdocs\\codeigniter4\\app\\Views\\students\\index.php')
 3 SYSTEMPATH\View\View.php(231): CodeIgniter\View\View->CodeIgniter\View\{closure}()
 4 SYSTEMPATH\Common.php(1178): CodeIgniter\View\View->render('students/index', [], true)
 5 APPPATH\Controllers\StudentController.php(12): view('students/index')
 6 SYSTEMPATH\CodeIgniter.php(941): App\Controllers\StudentController->index()
 7 SYSTEMPATH\CodeIgniter.php(502): CodeIgniter\CodeIgniter->runController(Object(App\Controllers\StudentController))
 8 SYSTEMPATH\CodeIgniter.php(361): CodeIgniter\CodeIgniter->handleRequest(null, Object(Config\Cache), false)
 9 FCPATH\index.php(79): CodeIgniter\CodeIgniter->run()
10 SYSTEMPATH\Commands\Server\rewrite.php(47): require_once('E:\\xampp\\htdocs\\codeigniter4\\public\\index.php')
CRITICAL - 2024-02-06 04:14:11 --> ErrorException: Undefined variable $students
in APPPATH\Views\students\index.php on line 23.
 1 APPPATH\Views\students\index.php(23): CodeIgniter\Debug\Exceptions->errorHandler(2, 'Undefined variable $students', 'E:\\xampp\\htdocs\\codeigniter4\\app\\Views\\students\\index.php', 23)
 2 SYSTEMPATH\View\View.php(228): include('E:\\xampp\\htdocs\\codeigniter4\\app\\Views\\students\\index.php')
 3 SYSTEMPATH\View\View.php(231): CodeIgniter\View\View->CodeIgniter\View\{closure}()
 4 SYSTEMPATH\Common.php(1178): CodeIgniter\View\View->render('students/index', [], true)
 5 APPPATH\Controllers\StudentController.php(12): view('students/index')
 6 SYSTEMPATH\CodeIgniter.php(941): App\Controllers\StudentController->index()
 7 SYSTEMPATH\CodeIgniter.php(502): CodeIgniter\CodeIgniter->runController(Object(App\Controllers\StudentController))
 8 SYSTEMPATH\CodeIgniter.php(361): CodeIgniter\CodeIgniter->handleRequest(null, Object(Config\Cache), false)
 9 FCPATH\index.php(79): CodeIgniter\CodeIgniter->run()
10 SYSTEMPATH\Commands\Server\rewrite.php(47): require_once('E:\\xampp\\htdocs\\codeigniter4\\public\\index.php')
CRITICAL - 2024-02-06 04:14:12 --> ErrorException: Undefined variable $students
in APPPATH\Views\students\index.php on line 23.
 1 APPPATH\Views\students\index.php(23): CodeIgniter\Debug\Exceptions->errorHandler(2, 'Undefined variable $students', 'E:\\xampp\\htdocs\\codeigniter4\\app\\Views\\students\\index.php', 23)
 2 SYSTEMPATH\View\View.php(228): include('E:\\xampp\\htdocs\\codeigniter4\\app\\Views\\students\\index.php')
 3 SYSTEMPATH\View\View.php(231): CodeIgniter\View\View->CodeIgniter\View\{closure}()
 4 SYSTEMPATH\Common.php(1178): CodeIgniter\View\View->render('students/index', [], true)
 5 APPPATH\Controllers\StudentController.php(12): view('students/index')
 6 SYSTEMPATH\CodeIgniter.php(941): App\Controllers\StudentController->index()
 7 SYSTEMPATH\CodeIgniter.php(502): CodeIgniter\CodeIgniter->runController(Object(App\Controllers\StudentController))
 8 SYSTEMPATH\CodeIgniter.php(361): CodeIgniter\CodeIgniter->handleRequest(null, Object(Config\Cache), false)
 9 FCPATH\index.php(79): CodeIgniter\CodeIgniter->run()
10 SYSTEMPATH\Commands\Server\rewrite.php(47): require_once('E:\\xampp\\htdocs\\codeigniter4\\public\\index.php')
CRITICAL - 2024-02-06 04:14:13 --> ErrorException: Undefined variable $students
in APPPATH\Views\students\index.php on line 23.
 1 APPPATH\Views\students\index.php(23): CodeIgniter\Debug\Exceptions->errorHandler(2, 'Undefined variable $students', 'E:\\xampp\\htdocs\\codeigniter4\\app\\Views\\students\\index.php', 23)
 2 SYSTEMPATH\View\View.php(228): include('E:\\xampp\\htdocs\\codeigniter4\\app\\Views\\students\\index.php')
 3 SYSTEMPATH\View\View.php(231): CodeIgniter\View\View->CodeIgniter\View\{closure}()
 4 SYSTEMPATH\Common.php(1178): CodeIgniter\View\View->render('students/index', [], true)
 5 APPPATH\Controllers\StudentController.php(12): view('students/index')
 6 SYSTEMPATH\CodeIgniter.php(941): App\Controllers\StudentController->index()
 7 SYSTEMPATH\CodeIgniter.php(502): CodeIgniter\CodeIgniter->runController(Object(App\Controllers\StudentController))
 8 SYSTEMPATH\CodeIgniter.php(361): CodeIgniter\CodeIgniter->handleRequest(null, Object(Config\Cache), false)
 9 FCPATH\index.php(79): CodeIgniter\CodeIgniter->run()
10 SYSTEMPATH\Commands\Server\rewrite.php(47): require_once('E:\\xampp\\htdocs\\codeigniter4\\public\\index.php')
CRITICAL - 2024-02-06 04:14:13 --> ErrorException: Undefined variable $students
in APPPATH\Views\students\index.php on line 23.
 1 APPPATH\Views\students\index.php(23): CodeIgniter\Debug\Exceptions->errorHandler(2, 'Undefined variable $students', 'E:\\xampp\\htdocs\\codeigniter4\\app\\Views\\students\\index.php', 23)
 2 SYSTEMPATH\View\View.php(228): include('E:\\xampp\\htdocs\\codeigniter4\\app\\Views\\students\\index.php')
 3 SYSTEMPATH\View\View.php(231): CodeIgniter\View\View->CodeIgniter\View\{closure}()
 4 SYSTEMPATH\Common.php(1178): CodeIgniter\View\View->render('students/index', [], true)
 5 APPPATH\Controllers\StudentController.php(12): view('students/index')
 6 SYSTEMPATH\CodeIgniter.php(941): App\Controllers\StudentController->index()
 7 SYSTEMPATH\CodeIgniter.php(502): CodeIgniter\CodeIgniter->runController(Object(App\Controllers\StudentController))
 8 SYSTEMPATH\CodeIgniter.php(361): CodeIgniter\CodeIgniter->handleRequest(null, Object(Config\Cache), false)
 9 FCPATH\index.php(79): CodeIgniter\CodeIgniter->run()
10 SYSTEMPATH\Commands\Server\rewrite.php(47): require_once('E:\\xampp\\htdocs\\codeigniter4\\public\\index.php')
CRITICAL - 2024-02-06 04:14:14 --> ErrorException: Undefined variable $students
in APPPATH\Views\students\index.php on line 23.
 1 APPPATH\Views\students\index.php(23): CodeIgniter\Debug\Exceptions->errorHandler(2, 'Undefined variable $students', 'E:\\xampp\\htdocs\\codeigniter4\\app\\Views\\students\\index.php', 23)
 2 SYSTEMPATH\View\View.php(228): include('E:\\xampp\\htdocs\\codeigniter4\\app\\Views\\students\\index.php')
 3 SYSTEMPATH\View\View.php(231): CodeIgniter\View\View->CodeIgniter\View\{closure}()
 4 SYSTEMPATH\Common.php(1178): CodeIgniter\View\View->render('students/index', [], true)
 5 APPPATH\Controllers\StudentController.php(12): view('students/index')
 6 SYSTEMPATH\CodeIgniter.php(941): App\Controllers\StudentController->index()
 7 SYSTEMPATH\CodeIgniter.php(502): CodeIgniter\CodeIgniter->runController(Object(App\Controllers\StudentController))
 8 SYSTEMPATH\CodeIgniter.php(361): CodeIgniter\CodeIgniter->handleRequest(null, Object(Config\Cache), false)
 9 FCPATH\index.php(79): CodeIgniter\CodeIgniter->run()
10 SYSTEMPATH\Commands\Server\rewrite.php(47): require_once('E:\\xampp\\htdocs\\codeigniter4\\public\\index.php')
CRITICAL - 2024-02-06 04:14:16 --> ErrorException: Undefined variable $students
in APPPATH\Views\students\index.php on line 23.
 1 APPPATH\Views\students\index.php(23): CodeIgniter\Debug\Exceptions->errorHandler(2, 'Undefined variable $students', 'E:\\xampp\\htdocs\\codeigniter4\\app\\Views\\students\\index.php', 23)
 2 SYSTEMPATH\View\View.php(228): include('E:\\xampp\\htdocs\\codeigniter4\\app\\Views\\students\\index.php')
 3 SYSTEMPATH\View\View.php(231): CodeIgniter\View\View->CodeIgniter\View\{closure}()
 4 SYSTEMPATH\Common.php(1178): CodeIgniter\View\View->render('students/index', [], true)
 5 APPPATH\Controllers\StudentController.php(12): view('students/index')
 6 SYSTEMPATH\CodeIgniter.php(941): App\Controllers\StudentController->index()
 7 SYSTEMPATH\CodeIgniter.php(502): CodeIgniter\CodeIgniter->runController(Object(App\Controllers\StudentController))
 8 SYSTEMPATH\CodeIgniter.php(361): CodeIgniter\CodeIgniter->handleRequest(null, Object(Config\Cache), false)
 9 FCPATH\index.php(79): CodeIgniter\CodeIgniter->run()
10 SYSTEMPATH\Commands\Server\rewrite.php(47): require_once('E:\\xampp\\htdocs\\codeigniter4\\public\\index.php')
CRITICAL - 2024-02-06 04:14:16 --> ErrorException: Undefined variable $students
in APPPATH\Views\students\index.php on line 23.
 1 APPPATH\Views\students\index.php(23): CodeIgniter\Debug\Exceptions->errorHandler(2, 'Undefined variable $students', 'E:\\xampp\\htdocs\\codeigniter4\\app\\Views\\students\\index.php', 23)
 2 SYSTEMPATH\View\View.php(228): include('E:\\xampp\\htdocs\\codeigniter4\\app\\Views\\students\\index.php')
 3 SYSTEMPATH\View\View.php(231): CodeIgniter\View\View->CodeIgniter\View\{closure}()
 4 SYSTEMPATH\Common.php(1178): CodeIgniter\View\View->render('students/index', [], true)
 5 APPPATH\Controllers\StudentController.php(12): view('students/index')
 6 SYSTEMPATH\CodeIgniter.php(941): App\Controllers\StudentController->index()
 7 SYSTEMPATH\CodeIgniter.php(502): CodeIgniter\CodeIgniter->runController(Object(App\Controllers\StudentController))
 8 SYSTEMPATH\CodeIgniter.php(361): CodeIgniter\CodeIgniter->handleRequest(null, Object(Config\Cache), false)
 9 FCPATH\index.php(79): CodeIgniter\CodeIgniter->run()
10 SYSTEMPATH\Commands\Server\rewrite.php(47): require_once('E:\\xampp\\htdocs\\codeigniter4\\public\\index.php')
CRITICAL - 2024-02-06 04:14:18 --> ErrorException: Undefined variable $students
in APPPATH\Views\students\index.php on line 23.
 1 APPPATH\Views\students\index.php(23): CodeIgniter\Debug\Exceptions->errorHandler(2, 'Undefined variable $students', 'E:\\xampp\\htdocs\\codeigniter4\\app\\Views\\students\\index.php', 23)
 2 SYSTEMPATH\View\View.php(228): include('E:\\xampp\\htdocs\\codeigniter4\\app\\Views\\students\\index.php')
 3 SYSTEMPATH\View\View.php(231): CodeIgniter\View\View->CodeIgniter\View\{closure}()
 4 SYSTEMPATH\Common.php(1178): CodeIgniter\View\View->render('students/index', [], true)
 5 APPPATH\Controllers\StudentController.php(12): view('students/index')
 6 SYSTEMPATH\CodeIgniter.php(941): App\Controllers\StudentController->index()
 7 SYSTEMPATH\CodeIgniter.php(502): CodeIgniter\CodeIgniter->runController(Object(App\Controllers\StudentController))
 8 SYSTEMPATH\CodeIgniter.php(361): CodeIgniter\CodeIgniter->handleRequest(null, Object(Config\Cache), false)
 9 FCPATH\index.php(79): CodeIgniter\CodeIgniter->run()
10 SYSTEMPATH\Commands\Server\rewrite.php(47): require_once('E:\\xampp\\htdocs\\codeigniter4\\public\\index.php')
CRITICAL - 2024-02-06 04:14:19 --> ErrorException: Undefined variable $students
in APPPATH\Views\students\index.php on line 23.
 1 APPPATH\Views\students\index.php(23): CodeIgniter\Debug\Exceptions->errorHandler(2, 'Undefined variable $students', 'E:\\xampp\\htdocs\\codeigniter4\\app\\Views\\students\\index.php', 23)
 2 SYSTEMPATH\View\View.php(228): include('E:\\xampp\\htdocs\\codeigniter4\\app\\Views\\students\\index.php')
 3 SYSTEMPATH\View\View.php(231): CodeIgniter\View\View->CodeIgniter\View\{closure}()
 4 SYSTEMPATH\Common.php(1178): CodeIgniter\View\View->render('students/index', [], true)
 5 APPPATH\Controllers\StudentController.php(12): view('students/index')
 6 SYSTEMPATH\CodeIgniter.php(941): App\Controllers\StudentController->index()
 7 SYSTEMPATH\CodeIgniter.php(502): CodeIgniter\CodeIgniter->runController(Object(App\Controllers\StudentController))
 8 SYSTEMPATH\CodeIgniter.php(361): CodeIgniter\CodeIgniter->handleRequest(null, Object(Config\Cache), false)
 9 FCPATH\index.php(79): CodeIgniter\CodeIgniter->run()
10 SYSTEMPATH\Commands\Server\rewrite.php(47): require_once('E:\\xampp\\htdocs\\codeigniter4\\public\\index.php')
CRITICAL - 2024-02-06 04:14:38 --> ErrorException: Undefined variable $students
in APPPATH\Views\students\index.php on line 23.
 1 APPPATH\Views\students\index.php(23): CodeIgniter\Debug\Exceptions->errorHandler(2, 'Undefined variable $students', 'E:\\xampp\\htdocs\\codeigniter4\\app\\Views\\students\\index.php', 23)
 2 SYSTEMPATH\View\View.php(228): include('E:\\xampp\\htdocs\\codeigniter4\\app\\Views\\students\\index.php')
 3 SYSTEMPATH\View\View.php(231): CodeIgniter\View\View->CodeIgniter\View\{closure}()
 4 SYSTEMPATH\Common.php(1178): CodeIgniter\View\View->render('students/index', [], true)
 5 APPPATH\Controllers\StudentController.php(12): view('students/index')
 6 SYSTEMPATH\CodeIgniter.php(941): App\Controllers\StudentController->index()
 7 SYSTEMPATH\CodeIgniter.php(502): CodeIgniter\CodeIgniter->runController(Object(App\Controllers\StudentController))
 8 SYSTEMPATH\CodeIgniter.php(361): CodeIgniter\CodeIgniter->handleRequest(null, Object(Config\Cache), false)
 9 FCPATH\index.php(79): CodeIgniter\CodeIgniter->run()
10 SYSTEMPATH\Commands\Server\rewrite.php(47): require_once('E:\\xampp\\htdocs\\codeigniter4\\public\\index.php')
CRITICAL - 2024-02-06 04:14:39 --> ErrorException: Undefined variable $students
in APPPATH\Views\students\index.php on line 23.
 1 APPPATH\Views\students\index.php(23): CodeIgniter\Debug\Exceptions->errorHandler(2, 'Undefined variable $students', 'E:\\xampp\\htdocs\\codeigniter4\\app\\Views\\students\\index.php', 23)
 2 SYSTEMPATH\View\View.php(228): include('E:\\xampp\\htdocs\\codeigniter4\\app\\Views\\students\\index.php')
 3 SYSTEMPATH\View\View.php(231): CodeIgniter\View\View->CodeIgniter\View\{closure}()
 4 SYSTEMPATH\Common.php(1178): CodeIgniter\View\View->render('students/index', [], true)
 5 APPPATH\Controllers\StudentController.php(12): view('students/index')
 6 SYSTEMPATH\CodeIgniter.php(941): App\Controllers\StudentController->index()
 7 SYSTEMPATH\CodeIgniter.php(502): CodeIgniter\CodeIgniter->runController(Object(App\Controllers\StudentController))
 8 SYSTEMPATH\CodeIgniter.php(361): CodeIgniter\CodeIgniter->handleRequest(null, Object(Config\Cache), false)
 9 FCPATH\index.php(79): CodeIgniter\CodeIgniter->run()
10 SYSTEMPATH\Commands\Server\rewrite.php(47): require_once('E:\\xampp\\htdocs\\codeigniter4\\public\\index.php')
CRITICAL - 2024-02-06 04:14:58 --> ErrorException: Undefined variable $students
in APPPATH\Views\students\index.php on line 23.
 1 APPPATH\Views\students\index.php(23): CodeIgniter\Debug\Exceptions->errorHandler(2, 'Undefined variable $students', 'E:\\xampp\\htdocs\\codeigniter4\\app\\Views\\students\\index.php', 23)
 2 SYSTEMPATH\View\View.php(228): include('E:\\xampp\\htdocs\\codeigniter4\\app\\Views\\students\\index.php')
 3 SYSTEMPATH\View\View.php(231): CodeIgniter\View\View->CodeIgniter\View\{closure}()
 4 SYSTEMPATH\Common.php(1178): CodeIgniter\View\View->render('students/index', [], true)
 5 APPPATH\Controllers\StudentController.php(12): view('students/index')
 6 SYSTEMPATH\CodeIgniter.php(941): App\Controllers\StudentController->index()
 7 SYSTEMPATH\CodeIgniter.php(502): CodeIgniter\CodeIgniter->runController(Object(App\Controllers\StudentController))
 8 SYSTEMPATH\CodeIgniter.php(361): CodeIgniter\CodeIgniter->handleRequest(null, Object(Config\Cache), false)
 9 FCPATH\index.php(79): CodeIgniter\CodeIgniter->run()
10 SYSTEMPATH\Commands\Server\rewrite.php(47): require_once('E:\\xampp\\htdocs\\codeigniter4\\public\\index.php')
CRITICAL - 2024-02-06 04:15:41 --> BadMethodCallException: Call to undefined method App\Models\StudentModel::getIndex
in SYSTEMPATH\Model.php on line 874.
 1 APPPATH\Controllers\StudentController.php(11): CodeIgniter\Model->__call('getIndex', [])
 2 SYSTEMPATH\CodeIgniter.php(941): App\Controllers\StudentController->index()
 3 SYSTEMPATH\CodeIgniter.php(502): CodeIgniter\CodeIgniter->runController(Object(App\Controllers\StudentController))
 4 SYSTEMPATH\CodeIgniter.php(361): CodeIgniter\CodeIgniter->handleRequest(null, Object(Config\Cache), false)
 5 FCPATH\index.php(79): CodeIgniter\CodeIgniter->run()
 6 SYSTEMPATH\Commands\Server\rewrite.php(47): require_once('E:\\xampp\\htdocs\\codeigniter4\\public\\index.php')
CRITICAL - 2024-02-06 04:15:43 --> BadMethodCallException: Call to undefined method App\Models\StudentModel::getIndex
in SYSTEMPATH\Model.php on line 874.
 1 APPPATH\Controllers\StudentController.php(11): CodeIgniter\Model->__call('getIndex', [])
 2 SYSTEMPATH\CodeIgniter.php(941): App\Controllers\StudentController->index()
 3 SYSTEMPATH\CodeIgniter.php(502): CodeIgniter\CodeIgniter->runController(Object(App\Controllers\StudentController))
 4 SYSTEMPATH\CodeIgniter.php(361): CodeIgniter\CodeIgniter->handleRequest(null, Object(Config\Cache), false)
 5 FCPATH\index.php(79): CodeIgniter\CodeIgniter->run()
 6 SYSTEMPATH\Commands\Server\rewrite.php(47): require_once('E:\\xampp\\htdocs\\codeigniter4\\public\\index.php')
CRITICAL - 2024-02-06 04:15:43 --> BadMethodCallException: Call to undefined method App\Models\StudentModel::getIndex
in SYSTEMPATH\Model.php on line 874.
 1 APPPATH\Controllers\StudentController.php(11): CodeIgniter\Model->__call('getIndex', [])
 2 SYSTEMPATH\CodeIgniter.php(941): App\Controllers\StudentController->index()
 3 SYSTEMPATH\CodeIgniter.php(502): CodeIgniter\CodeIgniter->runController(Object(App\Controllers\StudentController))
 4 SYSTEMPATH\CodeIgniter.php(361): CodeIgniter\CodeIgniter->handleRequest(null, Object(Config\Cache), false)
 5 FCPATH\index.php(79): CodeIgniter\CodeIgniter->run()
 6 SYSTEMPATH\Commands\Server\rewrite.php(47): require_once('E:\\xampp\\htdocs\\codeigniter4\\public\\index.php')
CRITICAL - 2024-02-06 04:15:47 --> BadMethodCallException: Call to undefined method App\Models\StudentModel::getIndex
in SYSTEMPATH\Model.php on line 874.
 1 APPPATH\Controllers\StudentController.php(11): CodeIgniter\Model->__call('getIndex', [])
 2 SYSTEMPATH\CodeIgniter.php(941): App\Controllers\StudentController->index()
 3 SYSTEMPATH\CodeIgniter.php(502): CodeIgniter\CodeIgniter->runController(Object(App\Controllers\StudentController))
 4 SYSTEMPATH\CodeIgniter.php(361): CodeIgniter\CodeIgniter->handleRequest(null, Object(Config\Cache), false)
 5 FCPATH\index.php(79): CodeIgniter\CodeIgniter->run()
 6 SYSTEMPATH\Commands\Server\rewrite.php(47): require_once('E:\\xampp\\htdocs\\codeigniter4\\public\\index.php')
CRITICAL - 2024-02-06 04:15:48 --> BadMethodCallException: Call to undefined method App\Models\StudentModel::getIndex
in SYSTEMPATH\Model.php on line 874.
 1 APPPATH\Controllers\StudentController.php(11): CodeIgniter\Model->__call('getIndex', [])
 2 SYSTEMPATH\CodeIgniter.php(941): App\Controllers\StudentController->index()
 3 SYSTEMPATH\CodeIgniter.php(502): CodeIgniter\CodeIgniter->runController(Object(App\Controllers\StudentController))
 4 SYSTEMPATH\CodeIgniter.php(361): CodeIgniter\CodeIgniter->handleRequest(null, Object(Config\Cache), false)
 5 FCPATH\index.php(79): CodeIgniter\CodeIgniter->run()
 6 SYSTEMPATH\Commands\Server\rewrite.php(47): require_once('E:\\xampp\\htdocs\\codeigniter4\\public\\index.php')
CRITICAL - 2024-02-06 04:15:59 --> BadMethodCallException: Call to undefined method App\Models\StudentModel::getIndex
in SYSTEMPATH\Model.php on line 874.
 1 APPPATH\Controllers\StudentController.php(11): CodeIgniter\Model->__call('getIndex', [])
 2 SYSTEMPATH\CodeIgniter.php(941): App\Controllers\StudentController->index()
 3 SYSTEMPATH\CodeIgniter.php(502): CodeIgniter\CodeIgniter->runController(Object(App\Controllers\StudentController))
 4 SYSTEMPATH\CodeIgniter.php(361): CodeIgniter\CodeIgniter->handleRequest(null, Object(Config\Cache), false)
 5 FCPATH\index.php(79): CodeIgniter\CodeIgniter->run()
 6 SYSTEMPATH\Commands\Server\rewrite.php(47): require_once('E:\\xampp\\htdocs\\codeigniter4\\public\\index.php')
CRITICAL - 2024-02-06 04:15:59 --> BadMethodCallException: Call to undefined method App\Models\StudentModel::getIndex
in SYSTEMPATH\Model.php on line 874.
 1 APPPATH\Controllers\StudentController.php(11): CodeIgniter\Model->__call('getIndex', [])
 2 SYSTEMPATH\CodeIgniter.php(941): App\Controllers\StudentController->index()
 3 SYSTEMPATH\CodeIgniter.php(502): CodeIgniter\CodeIgniter->runController(Object(App\Controllers\StudentController))
 4 SYSTEMPATH\CodeIgniter.php(361): CodeIgniter\CodeIgniter->handleRequest(null, Object(Config\Cache), false)
 5 FCPATH\index.php(79): CodeIgniter\CodeIgniter->run()
 6 SYSTEMPATH\Commands\Server\rewrite.php(47): require_once('E:\\xampp\\htdocs\\codeigniter4\\public\\index.php')
CRITICAL - 2024-02-06 04:16:00 --> BadMethodCallException: Call to undefined method App\Models\StudentModel::getIndex
in SYSTEMPATH\Model.php on line 874.
 1 APPPATH\Controllers\StudentController.php(11): CodeIgniter\Model->__call('getIndex', [])
 2 SYSTEMPATH\CodeIgniter.php(941): App\Controllers\StudentController->index()
 3 SYSTEMPATH\CodeIgniter.php(502): CodeIgniter\CodeIgniter->runController(Object(App\Controllers\StudentController))
 4 SYSTEMPATH\CodeIgniter.php(361): CodeIgniter\CodeIgniter->handleRequest(null, Object(Config\Cache), false)
 5 FCPATH\index.php(79): CodeIgniter\CodeIgniter->run()
 6 SYSTEMPATH\Commands\Server\rewrite.php(47): require_once('E:\\xampp\\htdocs\\codeigniter4\\public\\index.php')
CRITICAL - 2024-02-06 04:23:48 --> CodeIgniter\View\Exceptions\ViewException: Invalid file: "students/inde.php"
in SYSTEMPATH\Exceptions\FrameworkException.php on line 39.
 1 SYSTEMPATH\View\View.php(216): CodeIgniter\Exceptions\FrameworkException::forInvalidFile('students/inde.php')
 2 SYSTEMPATH\Common.php(1178): CodeIgniter\View\View->render('students/inde', [], true)
 3 APPPATH\Controllers\StudentController.php(12): view('students/inde', [...])
 4 SYSTEMPATH\CodeIgniter.php(941): App\Controllers\StudentController->index()
 5 SYSTEMPATH\CodeIgniter.php(502): CodeIgniter\CodeIgniter->runController(Object(App\Controllers\StudentController))
 6 SYSTEMPATH\CodeIgniter.php(361): CodeIgniter\CodeIgniter->handleRequest(null, Object(Config\Cache), false)
 7 FCPATH\index.php(79): CodeIgniter\CodeIgniter->run()
 8 SYSTEMPATH\Commands\Server\rewrite.php(47): require_once('E:\\xampp\\htdocs\\codeigniter4\\public\\index.php')
CRITICAL - 2024-02-06 06:32:33 --> CodeIgniter\View\Exceptions\ViewException: Invalid file: "student/edit.php"
in SYSTEMPATH\Exceptions\FrameworkException.php on line 39.
 1 SYSTEMPATH\View\View.php(216): CodeIgniter\Exceptions\FrameworkException::forInvalidFile('student/edit.php')
 2 SYSTEMPATH\Common.php(1178): CodeIgniter\View\View->render('student/edit', [], true)
 3 APPPATH\Controllers\StudentController.php(34): view('student/edit', [...])
 4 SYSTEMPATH\CodeIgniter.php(941): App\Controllers\StudentController->edit('1')
 5 SYSTEMPATH\CodeIgniter.php(502): CodeIgniter\CodeIgniter->runController(Object(App\Controllers\StudentController))
 6 SYSTEMPATH\CodeIgniter.php(361): CodeIgniter\CodeIgniter->handleRequest(null, Object(Config\Cache), false)
 7 FCPATH\index.php(79): CodeIgniter\CodeIgniter->run()
 8 SYSTEMPATH\Commands\Server\rewrite.php(47): require_once('E:\\xampp\\htdocs\\codeigniter4\\public\\index.php')
CRITICAL - 2024-02-06 06:33:08 --> CodeIgniter\View\Exceptions\ViewException: Invalid file: "student/edit.php"
in SYSTEMPATH\Exceptions\FrameworkException.php on line 39.
 1 SYSTEMPATH\View\View.php(216): CodeIgniter\Exceptions\FrameworkException::forInvalidFile('student/edit.php')
 2 SYSTEMPATH\Common.php(1178): CodeIgniter\View\View->render('student/edit', [], true)
 3 APPPATH\Controllers\StudentController.php(34): view('student/edit', [...])
 4 SYSTEMPATH\CodeIgniter.php(941): App\Controllers\StudentController->edit('1')
 5 SYSTEMPATH\CodeIgniter.php(502): CodeIgniter\CodeIgniter->runController(Object(App\Controllers\StudentController))
 6 SYSTEMPATH\CodeIgniter.php(361): CodeIgniter\CodeIgniter->handleRequest(null, Object(Config\Cache), false)
 7 FCPATH\index.php(79): CodeIgniter\CodeIgniter->run()
 8 SYSTEMPATH\Commands\Server\rewrite.php(47): require_once('E:\\xampp\\htdocs\\codeigniter4\\public\\index.php')
CRITICAL - 2024-02-06 06:33:52 --> CodeIgniter\View\Exceptions\ViewException: Invalid file: "student/edit.php"
in SYSTEMPATH\Exceptions\FrameworkException.php on line 39.
 1 SYSTEMPATH\View\View.php(216): CodeIgniter\Exceptions\FrameworkException::forInvalidFile('student/edit.php')
 2 SYSTEMPATH\Common.php(1178): CodeIgniter\View\View->render('student/edit', [], true)
 3 APPPATH\Controllers\StudentController.php(34): view('student/edit', [...])
 4 SYSTEMPATH\CodeIgniter.php(941): App\Controllers\StudentController->edit('2')
 5 SYSTEMPATH\CodeIgniter.php(502): CodeIgniter\CodeIgniter->runController(Object(App\Controllers\StudentController))
 6 SYSTEMPATH\CodeIgniter.php(361): CodeIgniter\CodeIgniter->handleRequest(null, Object(Config\Cache), false)
 7 FCPATH\index.php(79): CodeIgniter\CodeIgniter->run()
 8 SYSTEMPATH\Commands\Server\rewrite.php(47): require_once('E:\\xampp\\htdocs\\codeigniter4\\public\\index.php')
CRITICAL - 2024-02-06 06:34:22 --> CodeIgniter\View\Exceptions\ViewException: Invalid file: "student/edit.php"
in SYSTEMPATH\Exceptions\FrameworkException.php on line 39.
 1 SYSTEMPATH\View\View.php(216): CodeIgniter\Exceptions\FrameworkException::forInvalidFile('student/edit.php')
 2 SYSTEMPATH\Common.php(1178): CodeIgniter\View\View->render('student/edit', [], true)
 3 APPPATH\Controllers\StudentController.php(34): view('student/edit', [...])
 4 SYSTEMPATH\CodeIgniter.php(941): App\Controllers\StudentController->edit('1')
 5 SYSTEMPATH\CodeIgniter.php(502): CodeIgniter\CodeIgniter->runController(Object(App\Controllers\StudentController))
 6 SYSTEMPATH\CodeIgniter.php(361): CodeIgniter\CodeIgniter->handleRequest(null, Object(Config\Cache), false)
 7 FCPATH\index.php(79): CodeIgniter\CodeIgniter->run()
 8 SYSTEMPATH\Commands\Server\rewrite.php(47): require_once('E:\\xampp\\htdocs\\codeigniter4\\public\\index.php')
CRITICAL - 2024-02-06 06:35:47 --> CodeIgniter\View\Exceptions\ViewException: Invalid file: "student/edit.php"
in SYSTEMPATH\Exceptions\FrameworkException.php on line 39.
 1 SYSTEMPATH\View\View.php(216): CodeIgniter\Exceptions\FrameworkException::forInvalidFile('student/edit.php')
 2 SYSTEMPATH\Common.php(1178): CodeIgniter\View\View->render('student/edit', [], true)
 3 APPPATH\Controllers\StudentController.php(34): view('student/edit', [...])
 4 SYSTEMPATH\CodeIgniter.php(941): App\Controllers\StudentController->edit('1')
 5 SYSTEMPATH\CodeIgniter.php(502): CodeIgniter\CodeIgniter->runController(Object(App\Controllers\StudentController))
 6 SYSTEMPATH\CodeIgniter.php(361): CodeIgniter\CodeIgniter->handleRequest(null, Object(Config\Cache), false)
 7 FCPATH\index.php(79): CodeIgniter\CodeIgniter->run()
 8 SYSTEMPATH\Commands\Server\rewrite.php(47): require_once('E:\\xampp\\htdocs\\codeigniter4\\public\\index.php')
CRITICAL - 2024-02-06 06:40:52 --> CodeIgniter\View\Exceptions\ViewException: Invalid file: "student/edit.php"
in SYSTEMPATH\Exceptions\FrameworkException.php on line 39.
 1 SYSTEMPATH\View\View.php(216): CodeIgniter\Exceptions\FrameworkException::forInvalidFile('student/edit.php')
 2 SYSTEMPATH\Common.php(1178): CodeIgniter\View\View->render('student/edit', [], true)
 3 APPPATH\Controllers\StudentController.php(34): view('student/edit', [...])
 4 SYSTEMPATH\CodeIgniter.php(941): App\Controllers\StudentController->edit('1')
 5 SYSTEMPATH\CodeIgniter.php(502): CodeIgniter\CodeIgniter->runController(Object(App\Controllers\StudentController))
 6 SYSTEMPATH\CodeIgniter.php(361): CodeIgniter\CodeIgniter->handleRequest(null, Object(Config\Cache), false)
 7 FCPATH\index.php(79): CodeIgniter\CodeIgniter->run()
 8 SYSTEMPATH\Commands\Server\rewrite.php(47): require_once('E:\\xampp\\htdocs\\codeigniter4\\public\\index.php')
CRITICAL - 2024-02-06 06:41:43 --> ErrorException: Array to string conversion
in APPPATH\Controllers\StudentController.php on line 35.
 1 APPPATH\Controllers\StudentController.php(35): CodeIgniter\Debug\Exceptions->errorHandler(2, 'Array to string conversion', 'E:\\xampp\\htdocs\\codeigniter4\\app\\Controllers\\StudentController.php', 35)
 2 SYSTEMPATH\CodeIgniter.php(941): App\Controllers\StudentController->edit('1')
 3 SYSTEMPATH\CodeIgniter.php(502): CodeIgniter\CodeIgniter->runController(Object(App\Controllers\StudentController))
 4 SYSTEMPATH\CodeIgniter.php(361): CodeIgniter\CodeIgniter->handleRequest(null, Object(Config\Cache), false)
 5 FCPATH\index.php(79): CodeIgniter\CodeIgniter->run()
 6 SYSTEMPATH\Commands\Server\rewrite.php(47): require_once('E:\\xampp\\htdocs\\codeigniter4\\public\\index.php')
CRITICAL - 2024-02-06 06:41:50 --> ErrorException: Array to string conversion
in APPPATH\Controllers\StudentController.php on line 35.
 1 APPPATH\Controllers\StudentController.php(35): CodeIgniter\Debug\Exceptions->errorHandler(2, 'Array to string conversion', 'E:\\xampp\\htdocs\\codeigniter4\\app\\Controllers\\StudentController.php', 35)
 2 SYSTEMPATH\CodeIgniter.php(941): App\Controllers\StudentController->edit('4')
 3 SYSTEMPATH\CodeIgniter.php(502): CodeIgniter\CodeIgniter->runController(Object(App\Controllers\StudentController))
 4 SYSTEMPATH\CodeIgniter.php(361): CodeIgniter\CodeIgniter->handleRequest(null, Object(Config\Cache), false)
 5 FCPATH\index.php(79): CodeIgniter\CodeIgniter->run()
 6 SYSTEMPATH\Commands\Server\rewrite.php(47): require_once('E:\\xampp\\htdocs\\codeigniter4\\public\\index.php')
CRITICAL - 2024-02-06 07:02:11 --> ErrorException: Undefined variable $row
in APPPATH\Views\students\edit.php on line 13.
 1 APPPATH\Views\students\edit.php(13): CodeIgniter\Debug\Exceptions->errorHandler(2, 'Undefined variable $row', 'E:\\xampp\\htdocs\\codeigniter4\\app\\Views\\students\\edit.php', 13)
 2 SYSTEMPATH\View\View.php(228): include('E:\\xampp\\htdocs\\codeigniter4\\app\\Views\\students\\edit.php')
 3 SYSTEMPATH\View\View.php(231): CodeIgniter\View\View->CodeIgniter\View\{closure}()
 4 SYSTEMPATH\Common.php(1178): CodeIgniter\View\View->render('students/edit', [], true)
 5 APPPATH\Controllers\StudentController.php(34): view('students/edit', [...])
 6 SYSTEMPATH\CodeIgniter.php(941): App\Controllers\StudentController->edit('1')
 7 SYSTEMPATH\CodeIgniter.php(502): CodeIgniter\CodeIgniter->runController(Object(App\Controllers\StudentController))
 8 SYSTEMPATH\CodeIgniter.php(361): CodeIgniter\CodeIgniter->handleRequest(null, Object(Config\Cache), false)
 9 FCPATH\index.php(79): CodeIgniter\CodeIgniter->run()
10 SYSTEMPATH\Commands\Server\rewrite.php(47): require_once('E:\\xampp\\htdocs\\codeigniter4\\public\\index.php')
