CRITICAL - 2024-02-08 05:31:32 --> ErrorException: Undefined variable $id
in APPPATH\Views\layouts\main.php on line 67.
 1 APPPATH\Views\layouts\main.php(67): CodeIgniter\Debug\Exceptions->errorHandler(2, 'Undefined variable $id', 'E:\\xampp\\htdocs\\codeigniter4\\app\\Views\\layouts\\main.php', 67)
 2 SYSTEMPATH\View\View.php(228): include('E:\\xampp\\htdocs\\codeigniter4\\app\\Views\\layouts\\main.php')
 3 SYSTEMPATH\View\View.php(231): CodeIgniter\View\View->CodeIgniter\View\{closure}()
 4 SYSTEMPATH\View\View.php(244): CodeIgniter\View\View->render('layouts/main', [], true)
 5 SYSTEMPATH\Common.php(1178): CodeIgniter\View\View->render('students/index', [], true)
 6 APPPATH\Controllers\StudentController.php(12): view('students/index', [...])
 7 SYSTEMPATH\CodeIgniter.php(941): App\Controllers\StudentController->index()
 8 SYSTEMPATH\CodeIgniter.php(502): CodeIgniter\CodeIgniter->runController(Object(App\Controllers\StudentController))
 9 SYSTEMPATH\CodeIgniter.php(361): CodeIgniter\CodeIgniter->handleRequest(null, Object(Config\Cache), false)
10 FCPATH\index.php(79): CodeIgniter\CodeIgniter->run()
11 SYSTEMPATH\Commands\Server\rewrite.php(47): require_once('E:\\xampp\\htdocs\\codeigniter4\\public\\index.php')
CRITICAL - 2024-02-08 05:31:37 --> ErrorException: Undefined variable $id
in APPPATH\Views\layouts\main.php on line 67.
 1 APPPATH\Views\layouts\main.php(67): CodeIgniter\Debug\Exceptions->errorHandler(2, 'Undefined variable $id', 'E:\\xampp\\htdocs\\codeigniter4\\app\\Views\\layouts\\main.php', 67)
 2 SYSTEMPATH\View\View.php(228): include('E:\\xampp\\htdocs\\codeigniter4\\app\\Views\\layouts\\main.php')
 3 SYSTEMPATH\View\View.php(231): CodeIgniter\View\View->CodeIgniter\View\{closure}()
 4 SYSTEMPATH\View\View.php(244): CodeIgniter\View\View->render('layouts/main', [], true)
 5 SYSTEMPATH\Common.php(1178): CodeIgniter\View\View->render('students/index', [], true)
 6 APPPATH\Controllers\StudentController.php(12): view('students/index', [...])
 7 SYSTEMPATH\CodeIgniter.php(941): App\Controllers\StudentController->index()
 8 SYSTEMPATH\CodeIgniter.php(502): CodeIgniter\CodeIgniter->runController(Object(App\Controllers\StudentController))
 9 SYSTEMPATH\CodeIgniter.php(361): CodeIgniter\CodeIgniter->handleRequest(null, Object(Config\Cache), false)
10 FCPATH\index.php(79): CodeIgniter\CodeIgniter->run()
11 SYSTEMPATH\Commands\Server\rewrite.php(47): require_once('E:\\xampp\\htdocs\\codeigniter4\\public\\index.php')
CRITICAL - 2024-02-08 05:31:38 --> ErrorException: Undefined variable $id
in APPPATH\Views\layouts\main.php on line 67.
 1 APPPATH\Views\layouts\main.php(67): CodeIgniter\Debug\Exceptions->errorHandler(2, 'Undefined variable $id', 'E:\\xampp\\htdocs\\codeigniter4\\app\\Views\\layouts\\main.php', 67)
 2 SYSTEMPATH\View\View.php(228): include('E:\\xampp\\htdocs\\codeigniter4\\app\\Views\\layouts\\main.php')
 3 SYSTEMPATH\View\View.php(231): CodeIgniter\View\View->CodeIgniter\View\{closure}()
 4 SYSTEMPATH\View\View.php(244): CodeIgniter\View\View->render('layouts/main', [], true)
 5 SYSTEMPATH\Common.php(1178): CodeIgniter\View\View->render('students/index', [], true)
 6 APPPATH\Controllers\StudentController.php(12): view('students/index', [...])
 7 SYSTEMPATH\CodeIgniter.php(941): App\Controllers\StudentController->index()
 8 SYSTEMPATH\CodeIgniter.php(502): CodeIgniter\CodeIgniter->runController(Object(App\Controllers\StudentController))
 9 SYSTEMPATH\CodeIgniter.php(361): CodeIgniter\CodeIgniter->handleRequest(null, Object(Config\Cache), false)
10 FCPATH\index.php(79): CodeIgniter\CodeIgniter->run()
11 SYSTEMPATH\Commands\Server\rewrite.php(47): require_once('E:\\xampp\\htdocs\\codeigniter4\\public\\index.php')
CRITICAL - 2024-02-08 05:31:54 --> ErrorException: Undefined variable $id
in APPPATH\Views\layouts\main.php on line 67.
 1 APPPATH\Views\layouts\main.php(67): CodeIgniter\Debug\Exceptions->errorHandler(2, 'Undefined variable $id', 'E:\\xampp\\htdocs\\codeigniter4\\app\\Views\\layouts\\main.php', 67)
 2 SYSTEMPATH\View\View.php(228): include('E:\\xampp\\htdocs\\codeigniter4\\app\\Views\\layouts\\main.php')
 3 SYSTEMPATH\View\View.php(231): CodeIgniter\View\View->CodeIgniter\View\{closure}()
 4 SYSTEMPATH\View\View.php(244): CodeIgniter\View\View->render('layouts/main', [], true)
 5 SYSTEMPATH\Common.php(1178): CodeIgniter\View\View->render('students/index', [], true)
 6 APPPATH\Controllers\StudentController.php(12): view('students/index', [...])
 7 SYSTEMPATH\CodeIgniter.php(941): App\Controllers\StudentController->index()
 8 SYSTEMPATH\CodeIgniter.php(502): CodeIgniter\CodeIgniter->runController(Object(App\Controllers\StudentController))
 9 SYSTEMPATH\CodeIgniter.php(361): CodeIgniter\CodeIgniter->handleRequest(null, Object(Config\Cache), false)
10 FCPATH\index.php(79): CodeIgniter\CodeIgniter->run()
11 SYSTEMPATH\Commands\Server\rewrite.php(47): require_once('E:\\xampp\\htdocs\\codeigniter4\\public\\index.php')
CRITICAL - 2024-02-08 05:31:56 --> ErrorException: Undefined variable $id
in APPPATH\Views\layouts\main.php on line 67.
 1 APPPATH\Views\layouts\main.php(67): CodeIgniter\Debug\Exceptions->errorHandler(2, 'Undefined variable $id', 'E:\\xampp\\htdocs\\codeigniter4\\app\\Views\\layouts\\main.php', 67)
 2 SYSTEMPATH\View\View.php(228): include('E:\\xampp\\htdocs\\codeigniter4\\app\\Views\\layouts\\main.php')
 3 SYSTEMPATH\View\View.php(231): CodeIgniter\View\View->CodeIgniter\View\{closure}()
 4 SYSTEMPATH\View\View.php(244): CodeIgniter\View\View->render('layouts/main', [], true)
 5 SYSTEMPATH\Common.php(1178): CodeIgniter\View\View->render('students/index', [], true)
 6 APPPATH\Controllers\StudentController.php(12): view('students/index', [...])
 7 SYSTEMPATH\CodeIgniter.php(941): App\Controllers\StudentController->index()
 8 SYSTEMPATH\CodeIgniter.php(502): CodeIgniter\CodeIgniter->runController(Object(App\Controllers\StudentController))
 9 SYSTEMPATH\CodeIgniter.php(361): CodeIgniter\CodeIgniter->handleRequest(null, Object(Config\Cache), false)
10 FCPATH\index.php(79): CodeIgniter\CodeIgniter->run()
11 SYSTEMPATH\Commands\Server\rewrite.php(47): require_once('E:\\xampp\\htdocs\\codeigniter4\\public\\index.php')
